#
# An unexpected error has been detected by Java Runtime Environment:
#
#  EXCEPTION_ACCESS_VIOLATION (0xc0000005) at pc=0x6d888cb4, pid=2940, tid=1528
#
# Java VM: Java HotSpot(TM) Client VM (1.6.0-b105 mixed mode, sharing)
# Problematic frame:
# V  [jvm.dll+0xc8cb4]
#
# If you would like to submit a bug report, please visit:
#   http://java.sun.com/webapps/bugreport/crash.jsp
#

---------------  T H R E A D  ---------------

Current thread (0x02ac8000):  JavaThread "Java2D Disposer" daemon [_thread_in_vm, id=1528]

siginfo: ExceptionCode=0xc0000005, reading address 0x0001b659

Registers:
EAX=0x2b783db8, EBX=0x02ac84a4, ECX=0x00006d90, EDX=0xfffffffd
ESP=0x02ebf860, EBP=0x02ac84a0, ESI=0x02ac8000, EDI=0x02b24280
EIP=0x6d888cb4, EFLAGS=0x00010203

Top of Stack: (sp=0x02ebf860)
0x02ebf860:   002eff70 02ebfa18 02ac80e8 02ac8000
0x02ebf870:   02ac84a4 00000003 0000000e 02aaf820
0x02ebf880:   02aaf828 02aafc14 02ebf89c 6d936aea
0x02ebf890:   02ebf8fc 6d8fe19f 02ac84c0 00000000
0x02ebf8a0:   02aaf828 6d7cbd96 000000c3 6d87800f
0x02ebf8b0:   009a29db 02ac84a0 ffffffff 6d900052
0x02ebf8c0:   002e4658 00000063 6d87a2d0 6d87a300
0x02ebf8d0:   009a29db 02ac8000 02ac849c 000014dd 

Instructions: (pc=0x6d888cb4)
0x6d888ca4:   d0 00 00 00 8b 03 8b 50 08 0f b7 4a 26 8b 50 0c
0x6d888cb4:   8b 44 8a 1c 50 56 8d 4c 24 30 e8 ed e1 0a 00 8b 


Stack: [0x02e70000,0x02ec0000),  sp=0x02ebf860,  free space=318k
Native frames: (J=compiled Java code, j=interpreted, Vv=VM code, C=native code)
V  [jvm.dll+0xc8cb4]

Java frames: (J=compiled Java code, j=interpreted, Vv=VM code)
j  java.awt.Cursor.finalizeImpl(J)V+0
j  java.awt.Cursor.access$000(J)V+1
j  java.awt.Cursor$CursorDisposer.dispose()V+4
j  sun.java2d.Disposer.run()V+26
j  java.lang.Thread.run()V+11
v  ~StubRoutines::call_stub

---------------  P R O C E S S  ---------------

Java Threads: ( => current thread )
  0x03052000 JavaThread "TimerQueue" daemon [_thread_blocked, id=684]
  0x002e6400 JavaThread "DestroyJavaVM" [_thread_blocked, id=1372]
  0x03039c00 JavaThread "AWT-EventQueue-0" [_thread_blocked, id=1728]
  0x02b25800 JavaThread "AWT-Shutdown" [_thread_blocked, id=2284]
=>0x02ac8000 JavaThread "Java2D Disposer" daemon [_thread_in_vm, id=1528]
  0x02aad000 JavaThread "Low Memory Detector" daemon [_thread_blocked, id=2596]
  0x02aa8400 JavaThread "CompilerThread0" daemon [_thread_blocked, id=3740]
  0x02aa7400 JavaThread "Attach Listener" daemon [_thread_blocked, id=1616]
  0x02aa1c00 JavaThread "Finalizer" daemon [_thread_blocked, id=3200]
  0x02a9d800 JavaThread "Reference Handler" daemon [_thread_blocked, id=3264]

Other Threads:
  0x02a94400 VMThread [id=3368]

VM state:synchronizing (normal execution)

VM Mutex/Monitor currently owned by a thread:  ([mutex/lock_event])
[0x002e47d8/0x00003f14] Threads_lock - owner thread: 0x02a94400

Heap
 def new generation   total 960K, used 83K [0x229b0000, 0x22ab0000, 0x22e90000)
  eden space 896K,   3% used [0x229b0000, 0x229b6c18, 0x22a90000)
  from space 64K,  88% used [0x22a90000, 0x22a9e278, 0x22aa0000)
  to   space 64K,   0% used [0x22aa0000, 0x22aa0000, 0x22ab0000)
 tenured generation   total 4096K, used 939K [0x22e90000, 0x23290000, 0x269b0000)
   the space 4096K,  22% used [0x22e90000, 0x22f7ae48, 0x22f7b000, 0x23290000)
 compacting perm gen  total 12288K, used 403K [0x269b0000, 0x275b0000, 0x2a9b0000)
   the space 12288K,   3% used [0x269b0000, 0x26a14f50, 0x26a15000, 0x275b0000)
    ro space 8192K,  66% used [0x2a9b0000, 0x2aef9920, 0x2aef9a00, 0x2b1b0000)
    rw space 12288K,  52% used [0x2b1b0000, 0x2b7f6130, 0x2b7f6200, 0x2bdb0000)

Dynamic libraries:
0x00400000 - 0x00423000 	C:\Archivos de programa\Java\jdk1.6.0\jre\bin\java.exe
0x7c910000 - 0x7c9c6000 	C:\WINDOWS\system32\ntdll.dll
0x7c800000 - 0x7c901000 	C:\WINDOWS\system32\kernel32.dll
0x77da0000 - 0x77e4c000 	C:\WINDOWS\system32\ADVAPI32.dll
0x77e50000 - 0x77ee1000 	C:\WINDOWS\system32\RPCRT4.dll
0x7c340000 - 0x7c396000 	C:\Archivos de programa\Java\jdk1.6.0\jre\bin\msvcr71.dll
0x6d7c0000 - 0x6da07000 	C:\Archivos de programa\Java\jdk1.6.0\jre\bin\client\jvm.dll
0x77d10000 - 0x77da0000 	C:\WINDOWS\system32\USER32.dll
0x77ef0000 - 0x77f36000 	C:\WINDOWS\system32\GDI32.dll
0x76b00000 - 0x76b2e000 	C:\WINDOWS\system32\WINMM.dll
0x6d310000 - 0x6d318000 	C:\Archivos de programa\Java\jdk1.6.0\jre\bin\hpi.dll
0x76bb0000 - 0x76bbb000 	C:\WINDOWS\system32\PSAPI.DLL
0x6d770000 - 0x6d77c000 	C:\Archivos de programa\Java\jdk1.6.0\jre\bin\verify.dll
0x6d3b0000 - 0x6d3cf000 	C:\Archivos de programa\Java\jdk1.6.0\jre\bin\java.dll
0x6d7b0000 - 0x6d7bf000 	C:\Archivos de programa\Java\jdk1.6.0\jre\bin\zip.dll
0x6d000000 - 0x6d1c3000 	C:\Archivos de programa\Java\jdk1.6.0\jre\bin\awt.dll
0x72f80000 - 0x72fa6000 	C:\WINDOWS\system32\WINSPOOL.DRV
0x77be0000 - 0x77c38000 	C:\WINDOWS\system32\msvcrt.dll
0x76340000 - 0x7635d000 	C:\WINDOWS\system32\IMM32.dll
0x774b0000 - 0x775ec000 	C:\WINDOWS\system32\ole32.dll
0x5b150000 - 0x5b188000 	C:\WINDOWS\system32\uxtheme.dll
0x736e0000 - 0x73729000 	C:\WINDOWS\system32\ddraw.dll
0x73b40000 - 0x73b46000 	C:\WINDOWS\system32\DCIMAN32.dll
0x6d2b0000 - 0x6d303000 	C:\Archivos de programa\Java\jdk1.6.0\jre\bin\fontmanager.dll
0x746b0000 - 0x746fb000 	C:\WINDOWS\system32\MSCTF.dll
0x7c9d0000 - 0x7d1ee000 	C:\WINDOWS\system32\shell32.dll
0x77f40000 - 0x77fb6000 	C:\WINDOWS\system32\SHLWAPI.dll
0x773a0000 - 0x774a2000 	C:\WINDOWS\WinSxS\x86_Microsoft.Windows.Common-Controls_6595b64144ccf1df_6.0.2600.2180_x-ww_a84f1ff9\comctl32.dll
0x58c30000 - 0x58cc7000 	C:\WINDOWS\system32\comctl32.dll
0x6d570000 - 0x6d583000 	C:\Archivos de programa\Java\jdk1.6.0\jre\bin\net.dll
0x71a30000 - 0x71a47000 	C:\WINDOWS\system32\WS2_32.dll
0x71a20000 - 0x71a28000 	C:\WINDOWS\system32\WS2HELP.dll
0x6d590000 - 0x6d599000 	C:\Archivos de programa\Java\jdk1.6.0\jre\bin\nio.dll

VM Arguments:
java_command: rCExcel
Launcher Type: SUN_STANDARD

Environment Variables:
PATH=C:\WINDOWS\system32;C:\WINDOWS;C:\WINDOWS\System32\Wbem;C:\Archivos de programa\Microsoft SQL Server\80\Tools\BINN;C:\Archivos de programa\Java\jdk1.6.0\bin;C:\BC45\BIN
USERNAME=rCuser
OS=Windows_NT
PROCESSOR_IDENTIFIER=x86 Family 15 Model 95 Stepping 2, AuthenticAMD



---------------  S Y S T E M  ---------------

OS: Windows XP Build 2600 Service Pack 2

CPU:total 1 family 15, cmov, cx8, fxsr, mmx, sse, sse2, mmxext, 3dnowext, 3dnow

Memory: 4k page, physical 982384k(312204k free), swap 2370836k(1856596k free)

vm_info: Java HotSpot(TM) Client VM (1.6.0-b105) for windows-x86, built on Nov 29 2006 00:48:48 by "java_re" with unknown MS VC++:1310

