	1
		naudek
		dek
		kvindek
		unu
		du
		tri
		kvar
		kvin
		ses
		sep
		ok
		nau
		dek
		dek
		dek
		dek
		dek
		dek
		dek
		dek
		dek
		dek
		dudek
		dudek
		dudek
		dudek
		dudek
		dudek
		dudek
		dudek
		dudek
		dudek
		tridek
		tridek
		tridek
		tridek
		tridek
		tridek
		tridek
		tridek
		tridek
		tridek
		kvardek
		kvardek
		kvardek
		kvardek
		kvardek
		kvardek
		kvardek
		kvardek
		kvardek
		kvardek
		kvindek
		kvindek
		kvindek
		kvindek
		kvindek
		kvindek
		kvindek
		kvindek
		kvindek
		kvindek
		sesdek
		sesdek
		sesdek
		sesdek
		sesdek
		sesdek
		sesdek
		sesdek
		sesdek
		sesdek
		sepdek
		sepdek
		sepdek
		sepdek
		sepdek
		sepdek
		sepdek
		sepdek
		sepdek
		sepdek
		okdek
		okdek
		okdek
		okdek
		okdek
		okdek
		okdek
		okdek
		okdek
		okdek
		naudek
		naudek
		naudek
		naudek
		naudek
		naudek
		naudek
		naudek
		naudek
		naudek
		dek
		dek
		naudek
		kvardek
		du
		dudek
		dudek
		ses
		naudek
		dek
		unu
		kvindek
		kvar
		okdek
		dek
		dudek
		kvindek
		tridek
