Love
oveL
veLo
eLov
KittyKitty
ittyKittyK
ttyKittyKi
tyKittyKit
yKittyKitt
HelloHelloHello
elloHelloHelloH
lloHelloHelloHe
loHelloHelloHel
oHelloHelloHell
rocarocarocaroca
ocarocarocarocar
carocarocarocaro
arocarocarocaroc
reconocer
econocerr
conocerre
onocerrec
nocerreco
ocerrecon
cerrecono
erreconoc
rreconoce
dabalearrozalazorraelabad
abalearrozalazorraelabadd
balearrozalazorraelabadda
alearrozalazorraelabaddab
learrozalazorraelabaddaba
earrozalazorraelabaddabal
arrozalazorraelabaddabale
rrozalazorraelabaddabalea
rozalazorraelabaddabalear
ozalazorraelabaddabalearr
zalazorraelabaddabalearro
alazorraelabaddabalearroz
lazorraelabaddabalearroza
azorraelabaddabalearrozal
zorraelabaddabalearrozala
orraelabaddabalearrozalaz
rraelabaddabalearrozalazo
raelabaddabalearrozalazor
aelabaddabalearrozalazorr
elabaddabalearrozalazorra
labaddabalearrozalazorrae
abaddabalearrozalazorrael
baddabalearrozalazorraela
addabalearrozalazorraelab
ddabalearrozalazorraelaba
canecacaneca
anecacanecac
necacanecaca
ecacanecacan
cacanecacane
acanecacanec
GabrielGarciaMarquezGabrielGarciaMarquezGabrielGarciaMarquez
abrielGarciaMarquezGabrielGarciaMarquezGabrielGarciaMarquezG
brielGarciaMarquezGabrielGarciaMarquezGabrielGarciaMarquezGa
rielGarciaMarquezGabrielGarciaMarquezGabrielGarciaMarquezGab
ielGarciaMarquezGabrielGarciaMarquezGabrielGarciaMarquezGabr
elGarciaMarquezGabrielGarciaMarquezGabrielGarciaMarquezGabri
lGarciaMarquezGabrielGarciaMarquezGabrielGarciaMarquezGabrie
GarciaMarquezGabrielGarciaMarquezGabrielGarciaMarquezGabriel
arciaMarquezGabrielGarciaMarquezGabrielGarciaMarquezGabrielG
rciaMarquezGabrielGarciaMarquezGabrielGarciaMarquezGabrielGa
ciaMarquezGabrielGarciaMarquezGabrielGarciaMarquezGabrielGar
iaMarquezGabrielGarciaMarquezGabrielGarciaMarquezGabrielGarc
aMarquezGabrielGarciaMarquezGabrielGarciaMarquezGabrielGarci
MarquezGabrielGarciaMarquezGabrielGarciaMarquezGabrielGarcia
arquezGabrielGarciaMarquezGabrielGarciaMarquezGabrielGarciaM
rquezGabrielGarciaMarquezGabrielGarciaMarquezGabrielGarciaMa
quezGabrielGarciaMarquezGabrielGarciaMarquezGabrielGarciaMar
uezGabrielGarciaMarquezGabrielGarciaMarquezGabrielGarciaMarq
ezGabrielGarciaMarquezGabrielGarciaMarquezGabrielGarciaMarqu
zGabrielGarciaMarquezGabrielGarciaMarquezGabrielGarciaMarque
UnSaludoFraternalYLargoUnSaludoFraternalYLargoUnSaludoFraternalYLargoUnSaludoFraternalYLargoUnSaludoFraternalYLargoUnSaludoFraternalYLargoUnSaludoFraternalYLargoUnSaludoFraternalYLargoUnSaludoFraternalYLargoUnSaludoFraternalYLargo
nSaludoFraternalYLargoUnSaludoFraternalYLargoUnSaludoFraternalYLargoUnSaludoFraternalYLargoUnSaludoFraternalYLargoUnSaludoFraternalYLargoUnSaludoFraternalYLargoUnSaludoFraternalYLargoUnSaludoFraternalYLargoUnSaludoFraternalYLargoU
SaludoFraternalYLargoUnSaludoFraternalYLargoUnSaludoFraternalYLargoUnSaludoFraternalYLargoUnSaludoFraternalYLargoUnSaludoFraternalYLargoUnSaludoFraternalYLargoUnSaludoFraternalYLargoUnSaludoFraternalYLargoUnSaludoFraternalYLargoUn
aludoFraternalYLargoUnSaludoFraternalYLargoUnSaludoFraternalYLargoUnSaludoFraternalYLargoUnSaludoFraternalYLargoUnSaludoFraternalYLargoUnSaludoFraternalYLargoUnSaludoFraternalYLargoUnSaludoFraternalYLargoUnSaludoFraternalYLargoUnS
ludoFraternalYLargoUnSaludoFraternalYLargoUnSaludoFraternalYLargoUnSaludoFraternalYLargoUnSaludoFraternalYLargoUnSaludoFraternalYLargoUnSaludoFraternalYLargoUnSaludoFraternalYLargoUnSaludoFraternalYLargoUnSaludoFraternalYLargoUnSa
udoFraternalYLargoUnSaludoFraternalYLargoUnSaludoFraternalYLargoUnSaludoFraternalYLargoUnSaludoFraternalYLargoUnSaludoFraternalYLargoUnSaludoFraternalYLargoUnSaludoFraternalYLargoUnSaludoFraternalYLargoUnSaludoFraternalYLargoUnSal
doFraternalYLargoUnSaludoFraternalYLargoUnSaludoFraternalYLargoUnSaludoFraternalYLargoUnSaludoFraternalYLargoUnSaludoFraternalYLargoUnSaludoFraternalYLargoUnSaludoFraternalYLargoUnSaludoFraternalYLargoUnSaludoFraternalYLargoUnSalu
oFraternalYLargoUnSaludoFraternalYLargoUnSaludoFraternalYLargoUnSaludoFraternalYLargoUnSaludoFraternalYLargoUnSaludoFraternalYLargoUnSaludoFraternalYLargoUnSaludoFraternalYLargoUnSaludoFraternalYLargoUnSaludoFraternalYLargoUnSalud
FraternalYLargoUnSaludoFraternalYLargoUnSaludoFraternalYLargoUnSaludoFraternalYLargoUnSaludoFraternalYLargoUnSaludoFraternalYLargoUnSaludoFraternalYLargoUnSaludoFraternalYLargoUnSaludoFraternalYLargoUnSaludoFraternalYLargoUnSaludo
raternalYLargoUnSaludoFraternalYLargoUnSaludoFraternalYLargoUnSaludoFraternalYLargoUnSaludoFraternalYLargoUnSaludoFraternalYLargoUnSaludoFraternalYLargoUnSaludoFraternalYLargoUnSaludoFraternalYLargoUnSaludoFraternalYLargoUnSaludoF
aternalYLargoUnSaludoFraternalYLargoUnSaludoFraternalYLargoUnSaludoFraternalYLargoUnSaludoFraternalYLargoUnSaludoFraternalYLargoUnSaludoFraternalYLargoUnSaludoFraternalYLargoUnSaludoFraternalYLargoUnSaludoFraternalYLargoUnSaludoFr
ternalYLargoUnSaludoFraternalYLargoUnSaludoFraternalYLargoUnSaludoFraternalYLargoUnSaludoFraternalYLargoUnSaludoFraternalYLargoUnSaludoFraternalYLargoUnSaludoFraternalYLargoUnSaludoFraternalYLargoUnSaludoFraternalYLargoUnSaludoFra
ernalYLargoUnSaludoFraternalYLargoUnSaludoFraternalYLargoUnSaludoFraternalYLargoUnSaludoFraternalYLargoUnSaludoFraternalYLargoUnSaludoFraternalYLargoUnSaludoFraternalYLargoUnSaludoFraternalYLargoUnSaludoFraternalYLargoUnSaludoFrat
rnalYLargoUnSaludoFraternalYLargoUnSaludoFraternalYLargoUnSaludoFraternalYLargoUnSaludoFraternalYLargoUnSaludoFraternalYLargoUnSaludoFraternalYLargoUnSaludoFraternalYLargoUnSaludoFraternalYLargoUnSaludoFraternalYLargoUnSaludoFrate
nalYLargoUnSaludoFraternalYLargoUnSaludoFraternalYLargoUnSaludoFraternalYLargoUnSaludoFraternalYLargoUnSaludoFraternalYLargoUnSaludoFraternalYLargoUnSaludoFraternalYLargoUnSaludoFraternalYLargoUnSaludoFraternalYLargoUnSaludoFrater
alYLargoUnSaludoFraternalYLargoUnSaludoFraternalYLargoUnSaludoFraternalYLargoUnSaludoFraternalYLargoUnSaludoFraternalYLargoUnSaludoFraternalYLargoUnSaludoFraternalYLargoUnSaludoFraternalYLargoUnSaludoFraternalYLargoUnSaludoFratern
lYLargoUnSaludoFraternalYLargoUnSaludoFraternalYLargoUnSaludoFraternalYLargoUnSaludoFraternalYLargoUnSaludoFraternalYLargoUnSaludoFraternalYLargoUnSaludoFraternalYLargoUnSaludoFraternalYLargoUnSaludoFraternalYLargoUnSaludoFraterna
YLargoUnSaludoFraternalYLargoUnSaludoFraternalYLargoUnSaludoFraternalYLargoUnSaludoFraternalYLargoUnSaludoFraternalYLargoUnSaludoFraternalYLargoUnSaludoFraternalYLargoUnSaludoFraternalYLargoUnSaludoFraternalYLargoUnSaludoFraternal
LargoUnSaludoFraternalYLargoUnSaludoFraternalYLargoUnSaludoFraternalYLargoUnSaludoFraternalYLargoUnSaludoFraternalYLargoUnSaludoFraternalYLargoUnSaludoFraternalYLargoUnSaludoFraternalYLargoUnSaludoFraternalYLargoUnSaludoFraternalY
argoUnSaludoFraternalYLargoUnSaludoFraternalYLargoUnSaludoFraternalYLargoUnSaludoFraternalYLargoUnSaludoFraternalYLargoUnSaludoFraternalYLargoUnSaludoFraternalYLargoUnSaludoFraternalYLargoUnSaludoFraternalYLargoUnSaludoFraternalYL
rgoUnSaludoFraternalYLargoUnSaludoFraternalYLargoUnSaludoFraternalYLargoUnSaludoFraternalYLargoUnSaludoFraternalYLargoUnSaludoFraternalYLargoUnSaludoFraternalYLargoUnSaludoFraternalYLargoUnSaludoFraternalYLargoUnSaludoFraternalYLa
goUnSaludoFraternalYLargoUnSaludoFraternalYLargoUnSaludoFraternalYLargoUnSaludoFraternalYLargoUnSaludoFraternalYLargoUnSaludoFraternalYLargoUnSaludoFraternalYLargoUnSaludoFraternalYLargoUnSaludoFraternalYLargoUnSaludoFraternalYLar
oUnSaludoFraternalYLargoUnSaludoFraternalYLargoUnSaludoFraternalYLargoUnSaludoFraternalYLargoUnSaludoFraternalYLargoUnSaludoFraternalYLargoUnSaludoFraternalYLargoUnSaludoFraternalYLargoUnSaludoFraternalYLargoUnSaludoFraternalYLarg
