Caso #1: naudek
Caso #2: dek unu
Caso #3: kvindek sep
Caso #4: unu
Caso #5: du
Caso #6: tri
Caso #7: kvar
Caso #8: kvin
Caso #9: ses
Caso #10: sep
Caso #11: ok
Caso #12: nau
Caso #13: dek
Caso #14: dek unu
Caso #15: dek du
Caso #16: dek tri
Caso #17: dek kvar
Caso #18: dek kvin
Caso #19: dek ses
Caso #20: dek sep
Caso #21: dek ok
Caso #22: dek nau
Caso #23: dudek
Caso #24: dudek unu
Caso #25: dudek du
Caso #26: dudek tri
Caso #27: dudek kvar
Caso #28: dudek kvin
Caso #29: dudek ses
Caso #30: dudek sep
Caso #31: dudek ok
Caso #32: dudek nau
Caso #33: tridek
Caso #34: tridek unu
Caso #35: tridek du
Caso #36: tridek tri
Caso #37: tridek kvar
Caso #38: tridek kvin
Caso #39: tridek ses
Caso #40: tridek sep
Caso #41: tridek ok
Caso #42: tridek nau
Caso #43: kvardek
Caso #44: kvardek unu
Caso #45: kvardek du
Caso #46: kvardek tri
Caso #47: kvardek kvar
Caso #48: kvardek kvin
Caso #49: kvardek ses
Caso #50: kvardek sep
Caso #51: kvardek ok
Caso #52: kvardek nau
Caso #53: kvindek
Caso #54: kvindek unu
Caso #55: kvindek du
Caso #56: kvindek tri
Caso #57: kvindek kvar
Caso #58: kvindek kvin
Caso #59: kvindek ses
Caso #60: kvindek sep
Caso #61: kvindek ok
Caso #62: kvindek nau
Caso #63: sesdek
Caso #64: sesdek unu
Caso #65: sesdek du
Caso #66: sesdek tri
Caso #67: sesdek kvar
Caso #68: sesdek kvin
Caso #69: sesdek ses
Caso #70: sesdek sep
Caso #71: sesdek ok
Caso #72: sesdek nau
Caso #73: sepdek
Caso #74: sepdek unu
Caso #75: sepdek du
Caso #76: sepdek tri
Caso #77: sepdek kvar
Caso #78: sepdek kvin
Caso #79: sepdek ses
Caso #80: sepdek sep
Caso #81: sepdek ok
Caso #82: sepdek nau
Caso #83: okdek
Caso #84: okdek unu
Caso #85: okdek du
Caso #86: okdek tri
Caso #87: okdek kvar
Caso #88: okdek kvin
Caso #89: okdek ses
Caso #90: okdek sep
Caso #91: okdek ok
Caso #92: okdek nau
Caso #93: naudek
Caso #94: naudek unu
Caso #95: naudek du
Caso #96: naudek tri
Caso #97: naudek kvar
Caso #98: naudek kvin
Caso #99: naudek ses
Caso #100: naudek sep
Caso #101: naudek ok
Caso #102: naudek nau
Caso #103: dek
Caso #104: dek kvin
Caso #105: naudek
Caso #106: kvardek kvin
Caso #107: du
Caso #108: dudek
Caso #109: dudek tri
Caso #110: ses
Caso #111: naudek nau
Caso #112: dek nau
Caso #113: unu
Caso #114: kvindek
Caso #115: kvar
Caso #116: okdek ok
Caso #117: dek unu
Caso #118: dudek unu
Caso #119: kvindek kvin
Caso #120: tridek
